<?xml version="1.0" encoding="UTF-8"?>
<testsuite xmlns:xsi="http://www.w3.org/2001/XMLSchema-instance" xsi:noNamespaceSchemaLocation="https://maven.apache.org/surefire/maven-surefire-plugin/xsd/surefire-test-report.xsd" version="3.0.2" name="com.fincen.sar.SarPatchIntegrationTest" time="14.694" tests="19" errors="0" skipped="0" failures="0">
  <properties>
[...]
</properties>
  <testcase name="setup_createBatchAndActivity" classname="com.fincen.sar.SarPatchIntegrationTest" time="1.326">
    <system-out><![CDATA[10:45:23.196 [main] INFO org.springframework.test.context.support.AnnotationConfigContextLoaderUtils -- Could not detect default configuration classes for test class [com.fincen.sar.SarPatchIntegrationTest]: SarPatchIntegrationTest does not declare any static, non-private, non-final, nested classes annotated with @Configuration.
10:45:23.350 [main] INFO org.springframework.boot.test.context.SpringBootTestContextBootstrapper -- Found @SpringBootConfiguration com.fincen.sar.SarApiApplication for test class com.fincen.sar.SarPatchIntegrationTest

  .   ____          _            __ _ _
 /\\ / ___'_ __ _ _(_)_ __  __ _ \ \ \ \
( ( )\___ | '_ | '_| | '_ \/ _` | \ \ \ \
 \\/  ___)| |_)| | | | | || (_| |  ) ) ) )
  '  |____| .__|_| |_|_| |_\__, | / / / /
 =========|_|==============|___/=/_/_/_/

 :: Spring Boot ::                (v4.0.3)

2026-03-14T10:45:24.402Z  INFO 109720 --- [sar-api] [           main] com.fincen.sar.SarPatchIntegrationTest   : Starting SarPatchIntegrationTest using Java 21.0.9 with PID 109720 (started by codespace in /workspaces/FinCEN_SAR)
2026-03-14T10:45:24.403Z DEBUG 109720 --- [sar-api] [           main] com.fincen.sar.SarPatchIntegrationTest   : Running with Spring Boot v4.0.3, Spring v7.0.5
2026-03-14T10:45:24.406Z  INFO 109720 --- [sar-api] [           main] com.fincen.sar.SarPatchIntegrationTest   : The following 1 profile is active: "test"
2026-03-14T10:45:25.989Z  INFO 109720 --- [sar-api] [           main] .s.d.r.c.RepositoryConfigurationDelegate : Bootstrapping Spring Data JPA repositories in DEFAULT mode.
2026-03-14T10:45:26.136Z  INFO 109720 --- [sar-api] [           main] .s.d.r.c.RepositoryConfigurationDelegate : Finished Spring Data repository scanning in 137 ms. Found 22 JPA repository interfaces.
2026-03-14T10:45:27.490Z  INFO 109720 --- [sar-api] [           main] org.hibernate.orm.jpa                    : HHH008540: Processing PersistenceUnitInfo [name: default]
2026-03-14T10:45:27.560Z  INFO 109720 --- [sar-api] [           main] org.hibernate.orm.core                   : HHH000001: Hibernate ORM core version 7.2.4.Final
2026-03-14T10:45:28.172Z  INFO 109720 --- [sar-api] [           main] o.s.o.j.p.SpringPersistenceUnitInfo      : No LoadTimeWeaver setup: ignoring JPA class transformer
2026-03-14T10:45:28.205Z  INFO 109720 --- [sar-api] [           main] com.zaxxer.hikari.HikariDataSource       : HikariPool-1 - Starting...
2026-03-14T10:45:28.409Z  INFO 109720 --- [sar-api] [           main] com.zaxxer.hikari.pool.HikariPool        : HikariPool-1 - Added connection conn0: url=jdbc:h2:mem:testdb user=SA
2026-03-14T10:45:28.414Z  INFO 109720 --- [sar-api] [           main] com.zaxxer.hikari.HikariDataSource       : HikariPool-1 - Start completed.
2026-03-14T10:45:28.439Z  WARN 109720 --- [sar-api] [           main] org.hibernate.orm.deprecation            : HHH90000025: H2Dialect does not need to be specified explicitly using 'hibernate.dialect' (remove the property setting and it will be selected by default)
2026-03-14T10:45:28.464Z  INFO 109720 --- [sar-api] [           main] org.hibernate.orm.connections.pooling    : HHH10001005: Database info:
	Database JDBC URL [jdbc:h2:mem:testdb]
	Database driver: H2 JDBC Driver
	Database dialect: H2Dialect
	Database version: 2.4.240
	Default catalog/schema: TESTDB/PUBLIC
	Autocommit mode: undefined/unknown
	Isolation level: READ_COMMITTED [default READ_COMMITTED]
	JDBC fetch size: 100
	Pool: DataSourceConnectionProvider
	Minimum pool size: undefined/unknown
	Maximum pool size: undefined/unknown
2026-03-14T10:45:30.822Z  INFO 109720 --- [sar-api] [           main] org.hibernate.orm.core                   : HHH000489: No JTA platform available (set 'hibernate.transaction.jta.platform' to enable JTA platform integration)
2026-03-14T10:45:30.962Z  INFO 109720 --- [sar-api] [           main] j.LocalContainerEntityManagerFactoryBean : Initialized JPA EntityManagerFactory for persistence unit 'default'
2026-03-14T10:45:31.063Z  INFO 109720 --- [sar-api] [           main] o.s.d.j.r.query.QueryEnhancerFactories   : Hibernate is in classpath; If applicable, HQL parser will be used.
2026-03-14T10:45:34.186Z  INFO 109720 --- [sar-api] [           main] o.s.b.a.e.web.EndpointLinksResolver      : Exposing 2 endpoints beneath base path '/actuator'
2026-03-14T10:45:34.307Z  INFO 109720 --- [sar-api] [           main] com.fincen.sar.SarPatchIntegrationTest   : Started SarPatchIntegrationTest in 10.378 seconds (process running for 12.586)
2026-03-14T10:45:34.872Z  INFO 109720 --- [sar-api] [           main] o.s.b.t.m.w.SpringBootMockServletContext : Initializing Spring TestDispatcherServlet ''
2026-03-14T10:45:34.873Z  INFO 109720 --- [sar-api] [           main] o.s.t.web.servlet.TestDispatcherServlet  : Initializing Servlet ''
2026-03-14T10:45:34.877Z  INFO 109720 --- [sar-api] [           main] o.s.t.web.servlet.TestDispatcherServlet  : Completed initialization in 3 ms
]]></system-out>
    <system-err><![CDATA[Mockito is currently self-attaching to enable the inline-mock-maker. This will no longer work in future releases of the JDK. Please add Mockito as an agent to your build as described in Mockito's documentation: https://javadoc.io/doc/org.mockito/mockito-core/latest/org.mockito/org/mockito/Mockito.html#0.3
WARNING: A Java agent has been loaded dynamically (/home/codespace/.m2/repository/net/bytebuddy/byte-buddy-agent/1.17.8/byte-buddy-agent-1.17.8.jar)
WARNING: If a serviceability tool is in use, please run with -XX:+EnableDynamicAgentLoading to hide this warning
WARNING: If a serviceability tool is not in use, please run with -Djdk.instrument.traceUsage for more information
WARNING: Dynamic loading of agents will be disallowed by default in a future release
]]></system-err>
  </testcase>
  <testcase name="patchHeader_updatesFilingDateAndNote" classname="com.fincen.sar.SarPatchIntegrationTest" time="0.098">
    <system-out><![CDATA[2026-03-14T10:45:35.787Z  INFO 109720 --- [sar-api] [           main] o.s.b.t.m.w.SpringBootMockServletContext : Initializing Spring TestDispatcherServlet ''
2026-03-14T10:45:35.787Z  INFO 109720 --- [sar-api] [           main] o.s.t.web.servlet.TestDispatcherServlet  : Initializing Servlet ''
2026-03-14T10:45:35.789Z  INFO 109720 --- [sar-api] [           main] o.s.t.web.servlet.TestDispatcherServlet  : Completed initialization in 2 ms
]]></system-out>
  </testcase>
  <testcase name="patchHeader_onlyUpdatesProvidedFields" classname="com.fincen.sar.SarPatchIntegrationTest" time="0.024">
    <system-out><![CDATA[2026-03-14T10:45:35.889Z  INFO 109720 --- [sar-api] [           main] o.s.b.t.m.w.SpringBootMockServletContext : Initializing Spring TestDispatcherServlet ''
2026-03-14T10:45:35.889Z  INFO 109720 --- [sar-api] [           main] o.s.t.web.servlet.TestDispatcherServlet  : Initializing Servlet ''
2026-03-14T10:45:35.892Z  INFO 109720 --- [sar-api] [           main] o.s.t.web.servlet.TestDispatcherServlet  : Completed initialization in 3 ms
]]></system-out>
  </testcase>
  <testcase name="patchFilingType_setsInitialReport" classname="com.fincen.sar.SarPatchIntegrationTest" time="0.054">
    <system-out><![CDATA[2026-03-14T10:45:35.922Z  INFO 109720 --- [sar-api] [           main] o.s.b.t.m.w.SpringBootMockServletContext : Initializing Spring TestDispatcherServlet ''
2026-03-14T10:45:35.922Z  INFO 109720 --- [sar-api] [           main] o.s.t.web.servlet.TestDispatcherServlet  : Initializing Servlet ''
2026-03-14T10:45:35.926Z  INFO 109720 --- [sar-api] [           main] o.s.t.web.servlet.TestDispatcherServlet  : Completed initialization in 3 ms
]]></system-out>
  </testcase>
  <testcase name="patchSupportDocument_setsFilename" classname="com.fincen.sar.SarPatchIntegrationTest" time="0.104">
    <system-out><![CDATA[2026-03-14T10:45:35.987Z  INFO 109720 --- [sar-api] [           main] o.s.b.t.m.w.SpringBootMockServletContext : Initializing Spring TestDispatcherServlet ''
2026-03-14T10:45:35.987Z  INFO 109720 --- [sar-api] [           main] o.s.t.web.servlet.TestDispatcherServlet  : Initializing Servlet ''
2026-03-14T10:45:35.993Z  INFO 109720 --- [sar-api] [           main] o.s.t.web.servlet.TestDispatcherServlet  : Completed initialization in 6 ms
]]></system-out>
  </testcase>
  <testcase name="addParty_filingInstitution" classname="com.fincen.sar.SarPatchIntegrationTest" time="0.193">
    <system-out><![CDATA[2026-03-14T10:45:36.114Z  INFO 109720 --- [sar-api] [           main] o.s.b.t.m.w.SpringBootMockServletContext : Initializing Spring TestDispatcherServlet ''
2026-03-14T10:45:36.114Z  INFO 109720 --- [sar-api] [           main] o.s.t.web.servlet.TestDispatcherServlet  : Initializing Servlet ''
2026-03-14T10:45:36.122Z  INFO 109720 --- [sar-api] [           main] o.s.t.web.servlet.TestDispatcherServlet  : Completed initialization in 6 ms
]]></system-out>
  </testcase>
  <testcase name="addParty_subject" classname="com.fincen.sar.SarPatchIntegrationTest" time="0.057">
    <system-out><![CDATA[2026-03-14T10:45:36.301Z  INFO 109720 --- [sar-api] [           main] o.s.b.t.m.w.SpringBootMockServletContext : Initializing Spring TestDispatcherServlet ''
2026-03-14T10:45:36.301Z  INFO 109720 --- [sar-api] [           main] o.s.t.web.servlet.TestDispatcherServlet  : Initializing Servlet ''
2026-03-14T10:45:36.308Z  INFO 109720 --- [sar-api] [           main] o.s.t.web.servlet.TestDispatcherServlet  : Completed initialization in 6 ms
]]></system-out>
  </testcase>
  <testcase name="patchPartyHeader_updatesBirthDate" classname="com.fincen.sar.SarPatchIntegrationTest" time="0.096">
    <system-out><![CDATA[2026-03-14T10:45:36.362Z  INFO 109720 --- [sar-api] [           main] o.s.b.t.m.w.SpringBootMockServletContext : Initializing Spring TestDispatcherServlet ''
2026-03-14T10:45:36.362Z  INFO 109720 --- [sar-api] [           main] o.s.t.web.servlet.TestDispatcherServlet  : Initializing Servlet ''
2026-03-14T10:45:36.364Z  INFO 109720 --- [sar-api] [           main] o.s.t.web.servlet.TestDispatcherServlet  : Completed initialization in 2 ms
]]></system-out>
  </testcase>
  <testcase name="addName_thenRemoveName" classname="com.fincen.sar.SarPatchIntegrationTest" time="0.136">
    <system-out><![CDATA[2026-03-14T10:45:36.462Z  INFO 109720 --- [sar-api] [           main] o.s.b.t.m.w.SpringBootMockServletContext : Initializing Spring TestDispatcherServlet ''
2026-03-14T10:45:36.462Z  INFO 109720 --- [sar-api] [           main] o.s.t.web.servlet.TestDispatcherServlet  : Initializing Servlet ''
2026-03-14T10:45:36.464Z  INFO 109720 --- [sar-api] [           main] o.s.t.web.servlet.TestDispatcherServlet  : Completed initialization in 2 ms
]]></system-out>
  </testcase>
  <testcase name="addAddress_thenRemoveAddress" classname="com.fincen.sar.SarPatchIntegrationTest" time="0.071">
    <system-out><![CDATA[2026-03-14T10:45:36.602Z  INFO 109720 --- [sar-api] [           main] o.s.b.t.m.w.SpringBootMockServletContext : Initializing Spring TestDispatcherServlet ''
2026-03-14T10:45:36.602Z  INFO 109720 --- [sar-api] [           main] o.s.t.web.servlet.TestDispatcherServlet  : Initializing Servlet ''
2026-03-14T10:45:36.604Z  INFO 109720 --- [sar-api] [           main] o.s.t.web.servlet.TestDispatcherServlet  : Completed initialization in 2 ms
]]></system-out>
  </testcase>
  <testcase name="upsertOccupation_thenRemove" classname="com.fincen.sar.SarPatchIntegrationTest" time="0.089">
    <system-out><![CDATA[2026-03-14T10:45:36.677Z  INFO 109720 --- [sar-api] [           main] o.s.b.t.m.w.SpringBootMockServletContext : Initializing Spring TestDispatcherServlet ''
2026-03-14T10:45:36.677Z  INFO 109720 --- [sar-api] [           main] o.s.t.web.servlet.TestDispatcherServlet  : Initializing Servlet ''
2026-03-14T10:45:36.678Z  INFO 109720 --- [sar-api] [           main] o.s.t.web.servlet.TestDispatcherServlet  : Completed initialization in 1 ms
]]></system-out>
  </testcase>
  <testcase name="addPartyAssociation_thenPatch" classname="com.fincen.sar.SarPatchIntegrationTest" time="0.176">
    <system-out><![CDATA[2026-03-14T10:45:36.789Z  INFO 109720 --- [sar-api] [           main] o.s.b.t.m.w.SpringBootMockServletContext : Initializing Spring TestDispatcherServlet ''
2026-03-14T10:45:36.789Z  INFO 109720 --- [sar-api] [           main] o.s.t.web.servlet.TestDispatcherServlet  : Initializing Servlet ''
2026-03-14T10:45:36.800Z  INFO 109720 --- [sar-api] [           main] o.s.t.web.servlet.TestDispatcherServlet  : Completed initialization in 11 ms
]]></system-out>
  </testcase>
  <testcase name="createAndPatchSuspiciousActivity" classname="com.fincen.sar.SarPatchIntegrationTest" time="0.228">
    <system-out><![CDATA[2026-03-14T10:45:36.955Z  INFO 109720 --- [sar-api] [           main] o.s.b.t.m.w.SpringBootMockServletContext : Initializing Spring TestDispatcherServlet ''
2026-03-14T10:45:36.955Z  INFO 109720 --- [sar-api] [           main] o.s.t.web.servlet.TestDispatcherServlet  : Initializing Servlet ''
2026-03-14T10:45:36.966Z  INFO 109720 --- [sar-api] [           main] o.s.t.web.servlet.TestDispatcherServlet  : Completed initialization in 11 ms
]]></system-out>
  </testcase>
  <testcase name="addClassification_thenRemove" classname="com.fincen.sar.SarPatchIntegrationTest" time="0.052">
    <system-out><![CDATA[2026-03-14T10:45:37.185Z  INFO 109720 --- [sar-api] [           main] o.s.b.t.m.w.SpringBootMockServletContext : Initializing Spring TestDispatcherServlet ''
2026-03-14T10:45:37.185Z  INFO 109720 --- [sar-api] [           main] o.s.t.web.servlet.TestDispatcherServlet  : Initializing Servlet ''
2026-03-14T10:45:37.187Z  INFO 109720 --- [sar-api] [           main] o.s.t.web.servlet.TestDispatcherServlet  : Completed initialization in 2 ms
]]></system-out>
  </testcase>
  <testcase name="addIpAddress_thenRemove" classname="com.fincen.sar.SarPatchIntegrationTest" time="0.074">
    <system-out><![CDATA[2026-03-14T10:45:37.239Z  INFO 109720 --- [sar-api] [           main] o.s.b.t.m.w.SpringBootMockServletContext : Initializing Spring TestDispatcherServlet ''
2026-03-14T10:45:37.239Z  INFO 109720 --- [sar-api] [           main] o.s.t.web.servlet.TestDispatcherServlet  : Initializing Servlet ''
2026-03-14T10:45:37.241Z  INFO 109720 --- [sar-api] [           main] o.s.t.web.servlet.TestDispatcherServlet  : Completed initialization in 2 ms
]]></system-out>
  </testcase>
  <testcase name="addNarrative_patchText_thenRemove" classname="com.fincen.sar.SarPatchIntegrationTest" time="0.114">
    <system-out><![CDATA[2026-03-14T10:45:37.315Z  INFO 109720 --- [sar-api] [           main] o.s.b.t.m.w.SpringBootMockServletContext : Initializing Spring TestDispatcherServlet ''
2026-03-14T10:45:37.316Z  INFO 109720 --- [sar-api] [           main] o.s.t.web.servlet.TestDispatcherServlet  : Initializing Servlet ''
2026-03-14T10:45:37.317Z  INFO 109720 --- [sar-api] [           main] o.s.t.web.servlet.TestDispatcherServlet  : Completed initialization in 1 ms
]]></system-out>
  </testcase>
  <testcase name="patchHeader_rejectsBadPriorDocNumber" classname="com.fincen.sar.SarPatchIntegrationTest" time="0.037">
    <system-out><![CDATA[2026-03-14T10:45:37.435Z  INFO 109720 --- [sar-api] [           main] o.s.b.t.m.w.SpringBootMockServletContext : Initializing Spring TestDispatcherServlet ''
2026-03-14T10:45:37.435Z  INFO 109720 --- [sar-api] [           main] o.s.t.web.servlet.TestDispatcherServlet  : Initializing Servlet ''
2026-03-14T10:45:37.437Z  INFO 109720 --- [sar-api] [           main] o.s.t.web.servlet.TestDispatcherServlet  : Completed initialization in 2 ms
]]></system-out>
  </testcase>
  <testcase name="patchSupportDoc_rejectsNonCsvFilename" classname="com.fincen.sar.SarPatchIntegrationTest" time="0.014">
    <system-out><![CDATA[2026-03-14T10:45:37.478Z  INFO 109720 --- [sar-api] [           main] o.s.b.t.m.w.SpringBootMockServletContext : Initializing Spring TestDispatcherServlet ''
2026-03-14T10:45:37.478Z  INFO 109720 --- [sar-api] [           main] o.s.t.web.servlet.TestDispatcherServlet  : Initializing Servlet ''
2026-03-14T10:45:37.480Z  INFO 109720 --- [sar-api] [           main] o.s.t.web.servlet.TestDispatcherServlet  : Completed initialization in 2 ms
]]></system-out>
  </testcase>
  <testcase name="teardown_deleteBatch" classname="com.fincen.sar.SarPatchIntegrationTest" time="0.085">
    <system-out><![CDATA[2026-03-14T10:45:37.496Z  INFO 109720 --- [sar-api] [           main] o.s.b.t.m.w.SpringBootMockServletContext : Initializing Spring TestDispatcherServlet ''
2026-03-14T10:45:37.496Z  INFO 109720 --- [sar-api] [           main] o.s.t.web.servlet.TestDispatcherServlet  : Initializing Servlet ''
2026-03-14T10:45:37.500Z  INFO 109720 --- [sar-api] [           main] o.s.t.web.servlet.TestDispatcherServlet  : Completed initialization in 4 ms
]]></system-out>
  </testcase>
</testsuite>