<?xml version="1.0" encoding="UTF-8"?>
<testsuite xmlns:xsi="http://www.w3.org/2001/XMLSchema-instance" xsi:noNamespaceSchemaLocation="https://maven.apache.org/surefire/maven-surefire-plugin/xsd/surefire-test-report.xsd" version="3.0.2" name="com.fincen.sar.SarApiIntegrationTest" time="0.695" tests="11" errors="0" skipped="0" failures="0">
  <properties>
[...]
</properties>
  <testcase name="createBatch" classname="com.fincen.sar.SarApiIntegrationTest" time="0.092">
    <system-out><![CDATA[2026-03-14T10:45:37.609Z  INFO 109720 --- [sar-api] [           main] t.c.s.AnnotationConfigContextLoaderUtils : Could not detect default configuration classes for test class [com.fincen.sar.SarApiIntegrationTest]: SarApiIntegrationTest does not declare any static, non-private, non-final, nested classes annotated with @Configuration.
2026-03-14T10:45:37.615Z  INFO 109720 --- [sar-api] [           main] .b.t.c.SpringBootTestContextBootstrapper : Found @SpringBootConfiguration com.fincen.sar.SarApiApplication for test class com.fincen.sar.SarApiIntegrationTest
2026-03-14T10:45:37.639Z  INFO 109720 --- [sar-api] [           main] o.s.b.t.m.w.SpringBootMockServletContext : Initializing Spring TestDispatcherServlet ''
2026-03-14T10:45:37.639Z  INFO 109720 --- [sar-api] [           main] o.s.t.web.servlet.TestDispatcherServlet  : Initializing Servlet ''
2026-03-14T10:45:37.642Z  INFO 109720 --- [sar-api] [           main] o.s.t.web.servlet.TestDispatcherServlet  : Completed initialization in 3 ms

MockHttpServletRequest:
      HTTP Method = POST
      Request URI = /batches
       Parameters = {}
          Headers = [Content-Type:"application/json", Content-Length:"82"]
             Body = <no character encoding set>
    Session Attrs = {}

Handler:
             Type = com.fincen.sar.controller.EfilingBatchController
           Method = com.fincen.sar.controller.EfilingBatchController#create(EfilingBatchRequest)

Async:
    Async started = false
     Async result = null

Resolved Exception:
             Type = null

ModelAndView:
        View name = null
             View = null
            Model = null

FlashMap:
       Attributes = null

MockHttpServletResponse:
           Status = 201
    Error message = null
          Headers = [Vary:"Origin", "Access-Control-Request-Method", "Access-Control-Request-Headers", Location:"http://localhost/batches/2", Content-Type:"application/json"]
     Content type = application/json
             Body = {"id":2,"activityCount":1,"partyCount":2,"activityAttachmentCount":0,"attachmentCount":0,"formTypeCode":"SARX","createdAt":"2026-03-14T10:45:37.658422Z","updatedAt":"2026-03-14T10:45:37.658442Z","activities":[]}
    Forwarded URL = null
   Redirected URL = http://localhost/batches/2
          Cookies = []
]]></system-out>
  </testcase>
  <testcase name="getBatch" classname="com.fincen.sar.SarApiIntegrationTest" time="0.067">
    <system-out><![CDATA[2026-03-14T10:45:37.751Z  INFO 109720 --- [sar-api] [           main] o.s.b.t.m.w.SpringBootMockServletContext : Initializing Spring TestDispatcherServlet ''
2026-03-14T10:45:37.752Z  INFO 109720 --- [sar-api] [           main] o.s.t.web.servlet.TestDispatcherServlet  : Initializing Servlet ''
2026-03-14T10:45:37.757Z  INFO 109720 --- [sar-api] [           main] o.s.t.web.servlet.TestDispatcherServlet  : Completed initialization in 5 ms
]]></system-out>
  </testcase>
  <testcase name="createFullActivity" classname="com.fincen.sar.SarApiIntegrationTest" time="0.213">
    <system-out><![CDATA[2026-03-14T10:45:37.813Z  INFO 109720 --- [sar-api] [           main] o.s.b.t.m.w.SpringBootMockServletContext : Initializing Spring TestDispatcherServlet ''
2026-03-14T10:45:37.813Z  INFO 109720 --- [sar-api] [           main] o.s.t.web.servlet.TestDispatcherServlet  : Initializing Servlet ''
2026-03-14T10:45:37.815Z  INFO 109720 --- [sar-api] [           main] o.s.t.web.servlet.TestDispatcherServlet  : Completed initialization in 1 ms
]]></system-out>
  </testcase>
  <testcase name="getActivity" classname="com.fincen.sar.SarApiIntegrationTest" time="0.029">
    <system-out><![CDATA[2026-03-14T10:45:38.027Z  INFO 109720 --- [sar-api] [           main] o.s.b.t.m.w.SpringBootMockServletContext : Initializing Spring TestDispatcherServlet ''
2026-03-14T10:45:38.027Z  INFO 109720 --- [sar-api] [           main] o.s.t.web.servlet.TestDispatcherServlet  : Initializing Servlet ''
2026-03-14T10:45:38.028Z  INFO 109720 --- [sar-api] [           main] o.s.t.web.servlet.TestDispatcherServlet  : Completed initialization in 1 ms
]]></system-out>
  </testcase>
  <testcase name="addIpAddress" classname="com.fincen.sar.SarApiIntegrationTest" time="0.05">
    <system-out><![CDATA[2026-03-14T10:45:38.060Z  INFO 109720 --- [sar-api] [           main] o.s.b.t.m.w.SpringBootMockServletContext : Initializing Spring TestDispatcherServlet ''
2026-03-14T10:45:38.060Z  INFO 109720 --- [sar-api] [           main] o.s.t.web.servlet.TestDispatcherServlet  : Initializing Servlet ''
2026-03-14T10:45:38.061Z  INFO 109720 --- [sar-api] [           main] o.s.t.web.servlet.TestDispatcherServlet  : Completed initialization in 1 ms

MockHttpServletRequest:
      HTTP Method = POST
      Request URI = /activities/2/ip-addresses
       Parameters = {}
          Headers = [Content-Type:"application/json", Content-Length:"99"]
             Body = <no character encoding set>
    Session Attrs = {}

Handler:
             Type = com.fincen.sar.controller.IpAddressPatchController
           Method = com.fincen.sar.controller.IpAddressPatchController#add(Long, IpAddressRequest)

Async:
    Async started = false
     Async result = null

Resolved Exception:
             Type = null

ModelAndView:
        View name = null
             View = null
            Model = null

FlashMap:
       Attributes = null

MockHttpServletResponse:
           Status = 200
    Error message = null
          Headers = [Vary:"Origin", "Access-Control-Request-Method", "Access-Control-Request-Headers", Content-Type:"application/json"]
     Content type = application/json
             Body = {"id":2,"batchId":2,"seqNum":1,"filingDate":"2024-06-01","createdAt":"2026-03-14T10:45:37.962414Z","activityAssociation":{"id":2,"initialReportIndicator":true,"correctsAmendsPriorReport":false,"continuingActivityReport":false,"jointReportIndicator":false},"parties":[{"id":3,"seqNum":1,"activityPartyTypeCode":30,"primaryRegulatorTypeCode":2,"names":[{"id":2,"partyNameTypeCode":"L","rawPartyFullName":"First National Bank","rawEntityIndividualLastName":null,"rawIndividualFirstName":null,"rawIndividualMiddleName":null,"rawIndividualNameSuffixText":null}],"addresses":[{"id":2,"rawStreetAddress1":"100 Main St","rawCity":"Washington","rawStateCode":"DC","rawZipCode":"20001","rawCountryCode":"US","cityUnknown":null,"streetAddressUnknown":null}],"phones":[],"identifications":[{"id":1,"partyIdentificationTypeCode":4,"partyIdentificationNumber":"123456789","tinUnknown":null,"otherIssuerCountry":null,"otherIssuerState":null}],"orgClassifications":[{"id":1,"organizationTypeId":2,"organizationSubtypeId":null,"otherOrganizationTypeText":null}],"electronicAddresses":[],"partyAssociations":[]},{"id":4,"seqNum":2,"activityPartyTypeCode":33,"individualBirthDate":"1985-03-15","maleGenderIndicator":true,"names":[{"id":3,"partyNameTypeCode":"L","rawPartyFullName":null,"rawEntityIndividualLastName":"Doe","rawIndividualFirstName":"John","rawIndividualMiddleName":null,"rawIndividualNameSuffixText":null}],"addresses":[{"id":3,"rawStreetAddress1":"456 Oak Ave","rawCity":"Springfield","rawStateCode":"IL","rawZipCode":"62701","rawCountryCode":"US","cityUnknown":null,"streetAddressUnknown":null}],"phones":[],"identifications":[],"orgClassifications":[],"occupation":{"id":2,"naicsCode":null,"occupationBusinessText":"Software Engineer"},"electronicAddresses":[],"partyAssociations":[],"partyAccountAssociation":{"id":1,"accountHoldingParties":[{"id":1,"nonUsFinancialInstitution":null,"identification":{"id":1,"partyIdentificationNumber":"987654321"},"accounts":[{"id":1,"accountNumberText":"ACC-001234","accountClosedIndicator":null}]}]}}],"suspiciousActivity":{"id":2,"amountUnknown":null,"noAmountInvolved":null,"totalSuspiciousAmount":50000,"suspiciousActivityFromDate":"2024-01-01","suspiciousActivityToDate":"2024-05-31","cumulativeTotalViolationAmount":null,"classifications":[{"id":2,"suspiciousActivityTypeId":8,"suspiciousActivitySubtypeId":807,"otherSuspiciousActivityTypeText":null}]},"ipAddresses":[{"id":2,"ipAddressText":"192.168.1.100","ipAddressDate":"2024-03-10","ipAddressTimestamp":null}],"cyberEvents":[],"assets":[],"assetAttributes":[],"narratives":[{"id":2,"narrativeSequenceNumber":1,"narrativeText":"Subject conducted multiple large cash transactions structured to avoid CTR reporting thresholds."}]}
    Forwarded URL = null
   Redirected URL = null
          Cookies = []
]]></system-out>
  </testcase>
  <testcase name="addNarrative" classname="com.fincen.sar.SarApiIntegrationTest" time="0.045">
    <system-out><![CDATA[2026-03-14T10:45:38.112Z  INFO 109720 --- [sar-api] [           main] o.s.b.t.m.w.SpringBootMockServletContext : Initializing Spring TestDispatcherServlet ''
2026-03-14T10:45:38.113Z  INFO 109720 --- [sar-api] [           main] o.s.t.web.servlet.TestDispatcherServlet  : Initializing Servlet ''
2026-03-14T10:45:38.114Z  INFO 109720 --- [sar-api] [           main] o.s.t.web.servlet.TestDispatcherServlet  : Completed initialization in 1 ms

MockHttpServletRequest:
      HTTP Method = POST
      Request URI = /activities/2/narratives
       Parameters = {}
          Headers = [Content-Type:"application/json", Content-Length:"112"]
             Body = <no character encoding set>
    Session Attrs = {}

Handler:
             Type = com.fincen.sar.controller.NarrativePatchController
           Method = com.fincen.sar.controller.NarrativePatchController#add(Long, NarrativeRequest)

Async:
    Async started = false
     Async result = null

Resolved Exception:
             Type = null

ModelAndView:
        View name = null
             View = null
            Model = null

FlashMap:
       Attributes = null

MockHttpServletResponse:
           Status = 200
    Error message = null
          Headers = [Vary:"Origin", "Access-Control-Request-Method", "Access-Control-Request-Headers", Content-Type:"application/json"]
     Content type = application/json
             Body = {"id":2,"batchId":2,"seqNum":1,"filingDate":"2024-06-01","createdAt":"2026-03-14T10:45:37.962414Z","activityAssociation":{"id":2,"initialReportIndicator":true,"correctsAmendsPriorReport":false,"continuingActivityReport":false,"jointReportIndicator":false},"parties":[{"id":3,"seqNum":1,"activityPartyTypeCode":30,"primaryRegulatorTypeCode":2,"names":[{"id":2,"partyNameTypeCode":"L","rawPartyFullName":"First National Bank","rawEntityIndividualLastName":null,"rawIndividualFirstName":null,"rawIndividualMiddleName":null,"rawIndividualNameSuffixText":null}],"addresses":[{"id":2,"rawStreetAddress1":"100 Main St","rawCity":"Washington","rawStateCode":"DC","rawZipCode":"20001","rawCountryCode":"US","cityUnknown":null,"streetAddressUnknown":null}],"phones":[],"identifications":[{"id":1,"partyIdentificationTypeCode":4,"partyIdentificationNumber":"123456789","tinUnknown":null,"otherIssuerCountry":null,"otherIssuerState":null}],"orgClassifications":[{"id":1,"organizationTypeId":2,"organizationSubtypeId":null,"otherOrganizationTypeText":null}],"electronicAddresses":[],"partyAssociations":[]},{"id":4,"seqNum":2,"activityPartyTypeCode":33,"individualBirthDate":"1985-03-15","maleGenderIndicator":true,"names":[{"id":3,"partyNameTypeCode":"L","rawPartyFullName":null,"rawEntityIndividualLastName":"Doe","rawIndividualFirstName":"John","rawIndividualMiddleName":null,"rawIndividualNameSuffixText":null}],"addresses":[{"id":3,"rawStreetAddress1":"456 Oak Ave","rawCity":"Springfield","rawStateCode":"IL","rawZipCode":"62701","rawCountryCode":"US","cityUnknown":null,"streetAddressUnknown":null}],"phones":[],"identifications":[],"orgClassifications":[],"occupation":{"id":2,"naicsCode":null,"occupationBusinessText":"Software Engineer"},"electronicAddresses":[],"partyAssociations":[],"partyAccountAssociation":{"id":1,"accountHoldingParties":[{"id":1,"nonUsFinancialInstitution":null,"identification":{"id":1,"partyIdentificationNumber":"987654321"},"accounts":[{"id":1,"accountNumberText":"ACC-001234","accountClosedIndicator":null}]}]}}],"suspiciousActivity":{"id":2,"amountUnknown":null,"noAmountInvolved":null,"totalSuspiciousAmount":50000,"suspiciousActivityFromDate":"2024-01-01","suspiciousActivityToDate":"2024-05-31","cumulativeTotalViolationAmount":null,"classifications":[{"id":2,"suspiciousActivityTypeId":8,"suspiciousActivitySubtypeId":807,"otherSuspiciousActivityTypeText":null}]},"ipAddresses":[{"id":2,"ipAddressText":"192.168.1.100","ipAddressDate":"2024-03-10","ipAddressTimestamp":null}],"cyberEvents":[],"assets":[],"assetAttributes":[],"narratives":[{"id":2,"narrativeSequenceNumber":1,"narrativeText":"Subject conducted multiple large cash transactions structured to avoid CTR reporting thresholds."},{"id":3,"narrativeSequenceNumber":2,"narrativeText":"Additional narrative block with supplemental details."}]}
    Forwarded URL = null
   Redirected URL = null
          Cookies = []
]]></system-out>
  </testcase>
  <testcase name="listActivitiesForBatch" classname="com.fincen.sar.SarApiIntegrationTest" time="0.036">
    <system-out><![CDATA[2026-03-14T10:45:38.161Z  INFO 109720 --- [sar-api] [           main] o.s.b.t.m.w.SpringBootMockServletContext : Initializing Spring TestDispatcherServlet ''
2026-03-14T10:45:38.161Z  INFO 109720 --- [sar-api] [           main] o.s.t.web.servlet.TestDispatcherServlet  : Initializing Servlet ''
2026-03-14T10:45:38.162Z  INFO 109720 --- [sar-api] [           main] o.s.t.web.servlet.TestDispatcherServlet  : Completed initialization in 1 ms
]]></system-out>
  </testcase>
  <testcase name="deleteActivity" classname="com.fincen.sar.SarApiIntegrationTest" time="0.056">
    <system-out><![CDATA[2026-03-14T10:45:38.199Z  INFO 109720 --- [sar-api] [           main] o.s.b.t.m.w.SpringBootMockServletContext : Initializing Spring TestDispatcherServlet ''
2026-03-14T10:45:38.200Z  INFO 109720 --- [sar-api] [           main] o.s.t.web.servlet.TestDispatcherServlet  : Initializing Servlet ''
2026-03-14T10:45:38.201Z  INFO 109720 --- [sar-api] [           main] o.s.t.web.servlet.TestDispatcherServlet  : Completed initialization in 1 ms
]]></system-out>
  </testcase>
  <testcase name="deleteBatch" classname="com.fincen.sar.SarApiIntegrationTest" time="0.014">
    <system-out><![CDATA[2026-03-14T10:45:38.260Z  INFO 109720 --- [sar-api] [           main] o.s.b.t.m.w.SpringBootMockServletContext : Initializing Spring TestDispatcherServlet ''
2026-03-14T10:45:38.260Z  INFO 109720 --- [sar-api] [           main] o.s.t.web.servlet.TestDispatcherServlet  : Initializing Servlet ''
2026-03-14T10:45:38.261Z  INFO 109720 --- [sar-api] [           main] o.s.t.web.servlet.TestDispatcherServlet  : Completed initialization in 1 ms
]]></system-out>
  </testcase>
  <testcase name="rejectsBatchWithMissingRequiredFields" classname="com.fincen.sar.SarApiIntegrationTest" time="0.007">
    <system-out><![CDATA[2026-03-14T10:45:38.276Z  INFO 109720 --- [sar-api] [           main] o.s.b.t.m.w.SpringBootMockServletContext : Initializing Spring TestDispatcherServlet ''
2026-03-14T10:45:38.276Z  INFO 109720 --- [sar-api] [           main] o.s.t.web.servlet.TestDispatcherServlet  : Initializing Servlet ''
2026-03-14T10:45:38.277Z  INFO 109720 --- [sar-api] [           main] o.s.t.web.servlet.TestDispatcherServlet  : Completed initialization in 1 ms
]]></system-out>
  </testcase>
  <testcase name="returns404ForMissingBatch" classname="com.fincen.sar.SarApiIntegrationTest" time="0.008">
    <system-out><![CDATA[2026-03-14T10:45:38.286Z  INFO 109720 --- [sar-api] [           main] o.s.b.t.m.w.SpringBootMockServletContext : Initializing Spring TestDispatcherServlet ''
2026-03-14T10:45:38.286Z  INFO 109720 --- [sar-api] [           main] o.s.t.web.servlet.TestDispatcherServlet  : Initializing Servlet ''
2026-03-14T10:45:38.287Z  INFO 109720 --- [sar-api] [           main] o.s.t.web.servlet.TestDispatcherServlet  : Completed initialization in 1 ms
]]></system-out>
  </testcase>
</testsuite>