<?xml version="1.0" encoding="UTF-8"?>
<testsuite xmlns:xsi="http://www.w3.org/2001/XMLSchema-instance" xsi:noNamespaceSchemaLocation="https://maven.apache.org/surefire/maven-surefire-plugin/xsd/surefire-test-report.xsd" version="3.0.2" name="com.fincen.sar.SarPatchIntegrationTest" time="16.665" tests="19" errors="0" skipped="0" failures="0">
  <properties>
[...]
</properties>
  <testcase name="setup_createBatchAndActivity" classname="com.fincen.sar.SarPatchIntegrationTest" time="1.264">
    <system-out><![CDATA[11:02:59.397 [main] INFO org.springframework.test.context.support.AnnotationConfigContextLoaderUtils -- Could not detect default configuration classes for test class [com.fincen.sar.SarPatchIntegrationTest]: SarPatchIntegrationTest does not declare any static, non-private, non-final, nested classes annotated with @Configuration.
11:02:59.573 [main] INFO org.springframework.boot.test.context.SpringBootTestContextBootstrapper -- Found @SpringBootConfiguration com.fincen.sar.SarApiApplication for test class com.fincen.sar.SarPatchIntegrationTest

  .   ____          _            __ _ _
 /\\ / ___'_ __ _ _(_)_ __  __ _ \ \ \ \
( ( )\___ | '_ | '_| | '_ \/ _` | \ \ \ \
 \\/  ___)| |_)| | | | | || (_| |  ) ) ) )
  '  |____| .__|_| |_|_| |_\__, | / / / /
 =========|_|==============|___/=/_/_/_/

 :: Spring Boot ::                (v4.0.3)

2026-03-14T11:03:00.587Z  INFO 125241 --- [sar-api] [           main] com.fincen.sar.SarPatchIntegrationTest   : Starting SarPatchIntegrationTest using Java 21.0.9 with PID 125241 (started by codespace in /workspaces/FinCEN_SAR)
2026-03-14T11:03:00.589Z DEBUG 125241 --- [sar-api] [           main] com.fincen.sar.SarPatchIntegrationTest   : Running with Spring Boot v4.0.3, Spring v7.0.5
2026-03-14T11:03:00.591Z  INFO 125241 --- [sar-api] [           main] com.fincen.sar.SarPatchIntegrationTest   : The following 1 profile is active: "test"
2026-03-14T11:03:02.701Z  INFO 125241 --- [sar-api] [           main] .s.d.r.c.RepositoryConfigurationDelegate : Bootstrapping Spring Data JPA repositories in DEFAULT mode.
2026-03-14T11:03:02.819Z  INFO 125241 --- [sar-api] [           main] .s.d.r.c.RepositoryConfigurationDelegate : Finished Spring Data repository scanning in 107 ms. Found 22 JPA repository interfaces.
2026-03-14T11:03:03.898Z  INFO 125241 --- [sar-api] [           main] org.hibernate.orm.jpa                    : HHH008540: Processing PersistenceUnitInfo [name: default]
2026-03-14T11:03:04.064Z  INFO 125241 --- [sar-api] [           main] org.hibernate.orm.core                   : HHH000001: Hibernate ORM core version 7.2.4.Final
2026-03-14T11:03:04.768Z  INFO 125241 --- [sar-api] [           main] o.s.o.j.p.SpringPersistenceUnitInfo      : No LoadTimeWeaver setup: ignoring JPA class transformer
2026-03-14T11:03:04.805Z  INFO 125241 --- [sar-api] [           main] com.zaxxer.hikari.HikariDataSource       : HikariPool-1 - Starting...
2026-03-14T11:03:05.036Z  INFO 125241 --- [sar-api] [           main] com.zaxxer.hikari.pool.HikariPool        : HikariPool-1 - Added connection conn0: url=jdbc:h2:mem:testdb user=SA
2026-03-14T11:03:05.038Z  INFO 125241 --- [sar-api] [           main] com.zaxxer.hikari.HikariDataSource       : HikariPool-1 - Start completed.
2026-03-14T11:03:05.068Z  WARN 125241 --- [sar-api] [           main] org.hibernate.orm.deprecation            : HHH90000025: H2Dialect does not need to be specified explicitly using 'hibernate.dialect' (remove the property setting and it will be selected by default)
2026-03-14T11:03:05.098Z  INFO 125241 --- [sar-api] [           main] org.hibernate.orm.connections.pooling    : HHH10001005: Database info:
	Database JDBC URL [jdbc:h2:mem:testdb]
	Database driver: H2 JDBC Driver
	Database dialect: H2Dialect
	Database version: 2.4.240
	Default catalog/schema: TESTDB/PUBLIC
	Autocommit mode: undefined/unknown
	Isolation level: READ_COMMITTED [default READ_COMMITTED]
	JDBC fetch size: 100
	Pool: DataSourceConnectionProvider
	Minimum pool size: undefined/unknown
	Maximum pool size: undefined/unknown
2026-03-14T11:03:07.529Z  INFO 125241 --- [sar-api] [           main] org.hibernate.orm.core                   : HHH000489: No JTA platform available (set 'hibernate.transaction.jta.platform' to enable JTA platform integration)
2026-03-14T11:03:07.737Z  INFO 125241 --- [sar-api] [           main] j.LocalContainerEntityManagerFactoryBean : Initialized JPA EntityManagerFactory for persistence unit 'default'
2026-03-14T11:03:07.907Z  INFO 125241 --- [sar-api] [           main] o.s.d.j.r.query.QueryEnhancerFactories   : Hibernate is in classpath; If applicable, HQL parser will be used.
2026-03-14T11:03:11.697Z  INFO 125241 --- [sar-api] [           main] o.s.b.a.e.web.EndpointLinksResolver      : Exposing 2 endpoints beneath base path '/actuator'
2026-03-14T11:03:11.845Z  INFO 125241 --- [sar-api] [           main] com.fincen.sar.SarPatchIntegrationTest   : Started SarPatchIntegrationTest in 11.817 seconds (process running for 14.48)
2026-03-14T11:03:12.468Z  INFO 125241 --- [sar-api] [           main] o.s.b.t.m.w.SpringBootMockServletContext : Initializing Spring TestDispatcherServlet ''
2026-03-14T11:03:12.469Z  INFO 125241 --- [sar-api] [           main] o.s.t.web.servlet.TestDispatcherServlet  : Initializing Servlet ''
2026-03-14T11:03:12.478Z  INFO 125241 --- [sar-api] [           main] o.s.t.web.servlet.TestDispatcherServlet  : Completed initialization in 3 ms
]]></system-out>
    <system-err><![CDATA[Mockito is currently self-attaching to enable the inline-mock-maker. This will no longer work in future releases of the JDK. Please add Mockito as an agent to your build as described in Mockito's documentation: https://javadoc.io/doc/org.mockito/mockito-core/latest/org.mockito/org/mockito/Mockito.html#0.3
WARNING: A Java agent has been loaded dynamically (/home/codespace/.m2/repository/net/bytebuddy/byte-buddy-agent/1.17.8/byte-buddy-agent-1.17.8.jar)
WARNING: If a serviceability tool is in use, please run with -XX:+EnableDynamicAgentLoading to hide this warning
WARNING: If a serviceability tool is not in use, please run with -Djdk.instrument.traceUsage for more information
WARNING: Dynamic loading of agents will be disallowed by default in a future release
]]></system-err>
  </testcase>
  <testcase name="patchHeader_updatesFilingDateAndNote" classname="com.fincen.sar.SarPatchIntegrationTest" time="0.179">
    <system-out><![CDATA[2026-03-14T11:03:13.260Z  INFO 125241 --- [sar-api] [           main] o.s.b.t.m.w.SpringBootMockServletContext : Initializing Spring TestDispatcherServlet ''
2026-03-14T11:03:13.260Z  INFO 125241 --- [sar-api] [           main] o.s.t.web.servlet.TestDispatcherServlet  : Initializing Servlet ''
2026-03-14T11:03:13.266Z  INFO 125241 --- [sar-api] [           main] o.s.t.web.servlet.TestDispatcherServlet  : Completed initialization in 6 ms
]]></system-out>
  </testcase>
  <testcase name="patchHeader_onlyUpdatesProvidedFields" classname="com.fincen.sar.SarPatchIntegrationTest" time="0.047">
    <system-out><![CDATA[2026-03-14T11:03:13.443Z  INFO 125241 --- [sar-api] [           main] o.s.b.t.m.w.SpringBootMockServletContext : Initializing Spring TestDispatcherServlet ''
2026-03-14T11:03:13.443Z  INFO 125241 --- [sar-api] [           main] o.s.t.web.servlet.TestDispatcherServlet  : Initializing Servlet ''
2026-03-14T11:03:13.445Z  INFO 125241 --- [sar-api] [           main] o.s.t.web.servlet.TestDispatcherServlet  : Completed initialization in 2 ms
]]></system-out>
  </testcase>
  <testcase name="patchFilingType_setsInitialReport" classname="com.fincen.sar.SarPatchIntegrationTest" time="0.178">
    <system-out><![CDATA[2026-03-14T11:03:13.510Z  INFO 125241 --- [sar-api] [           main] o.s.b.t.m.w.SpringBootMockServletContext : Initializing Spring TestDispatcherServlet ''
2026-03-14T11:03:13.511Z  INFO 125241 --- [sar-api] [           main] o.s.t.web.servlet.TestDispatcherServlet  : Initializing Servlet ''
2026-03-14T11:03:13.521Z  INFO 125241 --- [sar-api] [           main] o.s.t.web.servlet.TestDispatcherServlet  : Completed initialization in 10 ms
]]></system-out>
  </testcase>
  <testcase name="patchSupportDocument_setsFilename" classname="com.fincen.sar.SarPatchIntegrationTest" time="0.208">
    <system-out><![CDATA[2026-03-14T11:03:13.708Z  INFO 125241 --- [sar-api] [           main] o.s.b.t.m.w.SpringBootMockServletContext : Initializing Spring TestDispatcherServlet ''
2026-03-14T11:03:13.708Z  INFO 125241 --- [sar-api] [           main] o.s.t.web.servlet.TestDispatcherServlet  : Initializing Servlet ''
2026-03-14T11:03:13.742Z  INFO 125241 --- [sar-api] [           main] o.s.t.web.servlet.TestDispatcherServlet  : Completed initialization in 24 ms
]]></system-out>
  </testcase>
  <testcase name="addParty_filingInstitution" classname="com.fincen.sar.SarPatchIntegrationTest" time="0.185">
    <system-out><![CDATA[2026-03-14T11:03:13.927Z  INFO 125241 --- [sar-api] [           main] o.s.b.t.m.w.SpringBootMockServletContext : Initializing Spring TestDispatcherServlet ''
2026-03-14T11:03:13.927Z  INFO 125241 --- [sar-api] [           main] o.s.t.web.servlet.TestDispatcherServlet  : Initializing Servlet ''
2026-03-14T11:03:13.929Z  INFO 125241 --- [sar-api] [           main] o.s.t.web.servlet.TestDispatcherServlet  : Completed initialization in 2 ms
]]></system-out>
  </testcase>
  <testcase name="addParty_subject" classname="com.fincen.sar.SarPatchIntegrationTest" time="0.059">
    <system-out><![CDATA[2026-03-14T11:03:14.097Z  INFO 125241 --- [sar-api] [           main] o.s.b.t.m.w.SpringBootMockServletContext : Initializing Spring TestDispatcherServlet ''
2026-03-14T11:03:14.097Z  INFO 125241 --- [sar-api] [           main] o.s.t.web.servlet.TestDispatcherServlet  : Initializing Servlet ''
2026-03-14T11:03:14.103Z  INFO 125241 --- [sar-api] [           main] o.s.t.web.servlet.TestDispatcherServlet  : Completed initialization in 5 ms
]]></system-out>
  </testcase>
  <testcase name="patchPartyHeader_updatesBirthDate" classname="com.fincen.sar.SarPatchIntegrationTest" time="0.119">
    <system-out><![CDATA[2026-03-14T11:03:14.166Z  INFO 125241 --- [sar-api] [           main] o.s.b.t.m.w.SpringBootMockServletContext : Initializing Spring TestDispatcherServlet ''
2026-03-14T11:03:14.166Z  INFO 125241 --- [sar-api] [           main] o.s.t.web.servlet.TestDispatcherServlet  : Initializing Servlet ''
2026-03-14T11:03:14.172Z  INFO 125241 --- [sar-api] [           main] o.s.t.web.servlet.TestDispatcherServlet  : Completed initialization in 6 ms
]]></system-out>
  </testcase>
  <testcase name="addName_thenRemoveName" classname="com.fincen.sar.SarPatchIntegrationTest" time="0.186">
    <system-out><![CDATA[2026-03-14T11:03:14.293Z  INFO 125241 --- [sar-api] [           main] o.s.b.t.m.w.SpringBootMockServletContext : Initializing Spring TestDispatcherServlet ''
2026-03-14T11:03:14.294Z  INFO 125241 --- [sar-api] [           main] o.s.t.web.servlet.TestDispatcherServlet  : Initializing Servlet ''
2026-03-14T11:03:14.299Z  INFO 125241 --- [sar-api] [           main] o.s.t.web.servlet.TestDispatcherServlet  : Completed initialization in 5 ms
]]></system-out>
  </testcase>
  <testcase name="addAddress_thenRemoveAddress" classname="com.fincen.sar.SarPatchIntegrationTest" time="0.087">
    <system-out><![CDATA[2026-03-14T11:03:14.480Z  INFO 125241 --- [sar-api] [           main] o.s.b.t.m.w.SpringBootMockServletContext : Initializing Spring TestDispatcherServlet ''
2026-03-14T11:03:14.481Z  INFO 125241 --- [sar-api] [           main] o.s.t.web.servlet.TestDispatcherServlet  : Initializing Servlet ''
2026-03-14T11:03:14.482Z  INFO 125241 --- [sar-api] [           main] o.s.t.web.servlet.TestDispatcherServlet  : Completed initialization in 1 ms
]]></system-out>
  </testcase>
  <testcase name="upsertOccupation_thenRemove" classname="com.fincen.sar.SarPatchIntegrationTest" time="0.143">
    <system-out><![CDATA[2026-03-14T11:03:14.570Z  INFO 125241 --- [sar-api] [           main] o.s.b.t.m.w.SpringBootMockServletContext : Initializing Spring TestDispatcherServlet ''
2026-03-14T11:03:14.570Z  INFO 125241 --- [sar-api] [           main] o.s.t.web.servlet.TestDispatcherServlet  : Initializing Servlet ''
2026-03-14T11:03:14.571Z  INFO 125241 --- [sar-api] [           main] o.s.t.web.servlet.TestDispatcherServlet  : Completed initialization in 1 ms
]]></system-out>
  </testcase>
  <testcase name="addPartyAssociation_thenPatch" classname="com.fincen.sar.SarPatchIntegrationTest" time="0.127">
    <system-out><![CDATA[2026-03-14T11:03:14.723Z  INFO 125241 --- [sar-api] [           main] o.s.b.t.m.w.SpringBootMockServletContext : Initializing Spring TestDispatcherServlet ''
2026-03-14T11:03:14.723Z  INFO 125241 --- [sar-api] [           main] o.s.t.web.servlet.TestDispatcherServlet  : Initializing Servlet ''
2026-03-14T11:03:14.725Z  INFO 125241 --- [sar-api] [           main] o.s.t.web.servlet.TestDispatcherServlet  : Completed initialization in 2 ms
]]></system-out>
  </testcase>
  <testcase name="createAndPatchSuspiciousActivity" classname="com.fincen.sar.SarPatchIntegrationTest" time="0.212">
    <system-out><![CDATA[2026-03-14T11:03:14.848Z  INFO 125241 --- [sar-api] [           main] o.s.b.t.m.w.SpringBootMockServletContext : Initializing Spring TestDispatcherServlet ''
2026-03-14T11:03:14.849Z  INFO 125241 --- [sar-api] [           main] o.s.t.web.servlet.TestDispatcherServlet  : Initializing Servlet ''
2026-03-14T11:03:14.851Z  INFO 125241 --- [sar-api] [           main] o.s.t.web.servlet.TestDispatcherServlet  : Completed initialization in 2 ms
]]></system-out>
  </testcase>
  <testcase name="addClassification_thenRemove" classname="com.fincen.sar.SarPatchIntegrationTest" time="0.113">
    <system-out><![CDATA[2026-03-14T11:03:15.063Z  INFO 125241 --- [sar-api] [           main] o.s.b.t.m.w.SpringBootMockServletContext : Initializing Spring TestDispatcherServlet ''
2026-03-14T11:03:15.064Z  INFO 125241 --- [sar-api] [           main] o.s.t.web.servlet.TestDispatcherServlet  : Initializing Servlet ''
2026-03-14T11:03:15.066Z  INFO 125241 --- [sar-api] [           main] o.s.t.web.servlet.TestDispatcherServlet  : Completed initialization in 2 ms
]]></system-out>
  </testcase>
  <testcase name="addIpAddress_thenRemove" classname="com.fincen.sar.SarPatchIntegrationTest" time="0.089">
    <system-out><![CDATA[2026-03-14T11:03:15.184Z  INFO 125241 --- [sar-api] [           main] o.s.b.t.m.w.SpringBootMockServletContext : Initializing Spring TestDispatcherServlet ''
2026-03-14T11:03:15.184Z  INFO 125241 --- [sar-api] [           main] o.s.t.web.servlet.TestDispatcherServlet  : Initializing Servlet ''
2026-03-14T11:03:15.188Z  INFO 125241 --- [sar-api] [           main] o.s.t.web.servlet.TestDispatcherServlet  : Completed initialization in 4 ms
]]></system-out>
  </testcase>
  <testcase name="addNarrative_patchText_thenRemove" classname="com.fincen.sar.SarPatchIntegrationTest" time="0.193">
    <system-out><![CDATA[2026-03-14T11:03:15.280Z  INFO 125241 --- [sar-api] [           main] o.s.b.t.m.w.SpringBootMockServletContext : Initializing Spring TestDispatcherServlet ''
2026-03-14T11:03:15.281Z  INFO 125241 --- [sar-api] [           main] o.s.t.web.servlet.TestDispatcherServlet  : Initializing Servlet ''
2026-03-14T11:03:15.285Z  INFO 125241 --- [sar-api] [           main] o.s.t.web.servlet.TestDispatcherServlet  : Completed initialization in 4 ms
]]></system-out>
  </testcase>
  <testcase name="patchHeader_rejectsBadPriorDocNumber" classname="com.fincen.sar.SarPatchIntegrationTest" time="0.043">
    <system-out><![CDATA[2026-03-14T11:03:15.477Z  INFO 125241 --- [sar-api] [           main] o.s.b.t.m.w.SpringBootMockServletContext : Initializing Spring TestDispatcherServlet ''
2026-03-14T11:03:15.477Z  INFO 125241 --- [sar-api] [           main] o.s.t.web.servlet.TestDispatcherServlet  : Initializing Servlet ''
2026-03-14T11:03:15.483Z  INFO 125241 --- [sar-api] [           main] o.s.t.web.servlet.TestDispatcherServlet  : Completed initialization in 6 ms
]]></system-out>
  </testcase>
  <testcase name="patchSupportDoc_rejectsNonCsvFilename" classname="com.fincen.sar.SarPatchIntegrationTest" time="0.016">
    <system-out><![CDATA[2026-03-14T11:03:15.523Z  INFO 125241 --- [sar-api] [           main] o.s.b.t.m.w.SpringBootMockServletContext : Initializing Spring TestDispatcherServlet ''
2026-03-14T11:03:15.524Z  INFO 125241 --- [sar-api] [           main] o.s.t.web.servlet.TestDispatcherServlet  : Initializing Servlet ''
2026-03-14T11:03:15.526Z  INFO 125241 --- [sar-api] [           main] o.s.t.web.servlet.TestDispatcherServlet  : Completed initialization in 2 ms
]]></system-out>
  </testcase>
  <testcase name="teardown_deleteBatch" classname="com.fincen.sar.SarPatchIntegrationTest" time="0.042">
    <system-out><![CDATA[2026-03-14T11:03:15.542Z  INFO 125241 --- [sar-api] [           main] o.s.b.t.m.w.SpringBootMockServletContext : Initializing Spring TestDispatcherServlet ''
2026-03-14T11:03:15.542Z  INFO 125241 --- [sar-api] [           main] o.s.t.web.servlet.TestDispatcherServlet  : Initializing Servlet ''
2026-03-14T11:03:15.544Z  INFO 125241 --- [sar-api] [           main] o.s.t.web.servlet.TestDispatcherServlet  : Completed initialization in 2 ms
]]></system-out>
  </testcase>
</testsuite>